
as12, an absolute assembler for Motorola MCU's, version 1.2h

                        ;First.asm
                        ;
                        ;Author:                P.A. Felix
                        ;Student Number:        040933287
                        ;Date:                  19 Deb 2021
                        ;
                        ;Purpose:               Add the following values: $25 + $37 - $1
                        ;
                        
1000                            org     $1000   ; Origin for Program Data
1000 25                 p:      db      $25     ; First addend is at location p
1001 37                 q:      db      $37     ; Second addend is at location q
1002                    r:      ds      1       ; sum will be stored at location r
2000                            org     $2000   ; Origin for Program Instructions
2000 b6 10 00                   ldaa    p       ; Load value at p into accumulator a
2003 bb 10 01                   adda    q       ; Add value at q into accumulator a
2006 43                         deca            ; Decrement a
2007 7a 10 02                   staa    r       ; Store accumulator a at location r
                                end

Executed: Fri Feb 19 10:21:35 2021
Total cycles: 13, Total bytes: 12
Total errors: 0, Total warnings: 0
